<?xml version="1.0" encoding="UTF-8"?>
<testng-results ignored="0" total="2" passed="2" failed="0" skipped="0">
  <reporter-output>
  </reporter-output>
  <suite started-at="2020-04-09T10:44:19 EDT" name="Suite" finished-at="2020-04-09T10:45:25 EDT" duration-ms="65633">
    <groups>
    </groups>
    <test started-at="2020-04-09T10:44:19 EDT" name="Test" finished-at="2020-04-09T10:45:25 EDT" duration-ms="65633">
      <class name="com.Inetbanking.TestCases.LoginTest">
        <test-method is-config="true" signature="setup(java.lang.String)[pri:0, instance:com.Inetbanking.TestCases.LoginTest@223191a6]" started-at="2020-04-09T10:44:19 EDT" name="setup" finished-at="2020-04-09T10:44:29 EDT" duration-ms="10126" status="PASS">
          <params>
            <param index="0">
              <value>
                <![CDATA[chrome]]>
              </value>
            </param>
          </params>
          <reporter-output>
          </reporter-output>
        </test-method> <!-- setup -->
        <test-method signature="LoginTest_TC01()[pri:0, instance:com.Inetbanking.TestCases.LoginTest@223191a6]" started-at="2020-04-09T10:44:29 EDT" name="LoginTest_TC01" finished-at="2020-04-09T10:44:48 EDT" duration-ms="18314" status="PASS">
          <reporter-output>
          </reporter-output>
        </test-method> <!-- LoginTest_TC01 -->
        <test-method is-config="true" signature="teardown()[pri:0, instance:com.Inetbanking.TestCases.LoginTest@223191a6]" started-at="2020-04-09T10:44:48 EDT" name="teardown" finished-at="2020-04-09T10:44:48 EDT" duration-ms="709" status="PASS">
          <reporter-output>
          </reporter-output>
        </test-method> <!-- teardown -->
      </class> <!-- com.Inetbanking.TestCases.LoginTest -->
      <class name="com.Inetbanking.TestCases.AddNewCustomerTest">
        <test-method is-config="true" signature="setup(java.lang.String)[pri:0, instance:com.Inetbanking.TestCases.AddNewCustomerTest@49139829]" started-at="2020-04-09T10:44:48 EDT" name="setup" finished-at="2020-04-09T10:44:59 EDT" duration-ms="10977" status="PASS">
          <params>
            <param index="0">
              <value>
                <![CDATA[chrome]]>
              </value>
            </param>
          </params>
          <reporter-output>
          </reporter-output>
        </test-method> <!-- setup -->
        <test-method signature="AddNewCustomer_TC01()[pri:0, instance:com.Inetbanking.TestCases.AddNewCustomerTest@49139829]" started-at="2020-04-09T10:44:59 EDT" name="AddNewCustomer_TC01" finished-at="2020-04-09T10:45:24 EDT" duration-ms="24623" status="PASS">
          <reporter-output>
          </reporter-output>
        </test-method> <!-- AddNewCustomer_TC01 -->
        <test-method is-config="true" signature="teardown()[pri:0, instance:com.Inetbanking.TestCases.AddNewCustomerTest@49139829]" started-at="2020-04-09T10:45:24 EDT" name="teardown" finished-at="2020-04-09T10:45:25 EDT" duration-ms="632" status="PASS">
          <reporter-output>
          </reporter-output>
        </test-method> <!-- teardown -->
      </class> <!-- com.Inetbanking.TestCases.AddNewCustomerTest -->
    </test> <!-- Test -->
  </suite> <!-- Suite -->
</testng-results>
